#12/11/2018 - 20:43:25 (Seg.) - Erro ao inserir o dado na tabela especificada: #br.com.almoxarifado.dao.ProdutoDAO#No value specified for parameter 6#
#12/11/2018 - 20:44:21 (Seg.) - Erro ao inserir o dado na tabela especificada: #br.com.almoxarifado.dao.ProdutoDAO#Field 'validade' doesn't have a default value#
#15/11/2018 - 14:49:48 (Qui.) - Senha inválida#
#15/11/2018 - 14:51:17 (Qui.) - Erro ao consultar dados na tabela especificada: #br.com.almoxarifado.dao.ProdutoDAO#You have an error in your SQL syntax; check the manual that corresponds to your MariaDB server version for the right syntax to use near '?' at line 1#
#15/11/2018 - 14:54:25 (Qui.) - Erro ao consultar dados na tabela especificada: #br.com.almoxarifado.dao.ProdutoDAO#You have an error in your SQL syntax; check the manual that corresponds to your MariaDB server version for the right syntax to use near '?' at line 1#
#15/11/2018 - 14:55:29 (Qui.) - Erro ao consultar dados na tabela especificada: #br.com.almoxarifado.dao.ProdutoDAO#You have an error in your SQL syntax; check the manual that corresponds to your MariaDB server version for the right syntax to use near '?' at line 1#
#15/11/2018 - 15:00:06 (Qui.) - Erro ao consultar dados na tabela especificada: #br.com.almoxarifado.dao.ProdutoDAO#You have an error in your SQL syntax; check the manual that corresponds to your MariaDB server version for the right syntax to use near '?' at line 1#
#15/11/2018 - 15:00:13 (Qui.) - Erro ao consultar dados na tabela especificada: #br.com.almoxarifado.dao.ProdutoDAO#You have an error in your SQL syntax; check the manual that corresponds to your MariaDB server version for the right syntax to use near '?' at line 1#
#15/11/2018 - 15:03:23 (Qui.) - Erro ao consultar dados na tabela especificada: #br.com.almoxarifado.dao.ProdutoDAO#You have an error in your SQL syntax; check the manual that corresponds to your MariaDB server version for the right syntax to use near '?' at line 1#
#15/11/2018 - 15:03:35 (Qui.) - Erro ao consultar dados na tabela especificada: #br.com.almoxarifado.dao.ProdutoDAO#You have an error in your SQL syntax; check the manual that corresponds to your MariaDB server version for the right syntax to use near '?' at line 1#
#15/11/2018 - 15:05:02 (Qui.) - Erro ao consultar dados na tabela especificada: #br.com.almoxarifado.dao.ProdutoDAO#You have an error in your SQL syntax; check the manual that corresponds to your MariaDB server version for the right syntax to use near '?' at line 1#
#15/11/2018 - 15:05:05 (Qui.) - Erro ao consultar dados na tabela especificada: #br.com.almoxarifado.dao.ProdutoDAO#You have an error in your SQL syntax; check the manual that corresponds to your MariaDB server version for the right syntax to use near '?' at line 1#
#15/11/2018 - 15:06:31 (Qui.) - Erro ao consultar dados na tabela especificada: #br.com.almoxarifado.dao.ProdutoDAO#You have an error in your SQL syntax; check the manual that corresponds to your MariaDB server version for the right syntax to use near '?' at line 1#
#15/11/2018 - 15:06:40 (Qui.) - Erro ao consultar dados na tabela especificada: #br.com.almoxarifado.dao.ProdutoDAO#You have an error in your SQL syntax; check the manual that corresponds to your MariaDB server version for the right syntax to use near '?' at line 1#
#15/11/2018 - 15:06:57 (Qui.) - Erro ao consultar dados na tabela especificada: #br.com.almoxarifado.dao.ProdutoDAO#You have an error in your SQL syntax; check the manual that corresponds to your MariaDB server version for the right syntax to use near '?' at line 1#
#15/11/2018 - 21:14:23 (Qui.) - Erro ao consultar dados na tabela especificada: #br.com.almoxarifado.dao.ProdutoDAO#You have an error in your SQL syntax; check the manual that corresponds to your MariaDB server version for the right syntax to use near '?' at line 1#
#15/11/2018 - 21:19:32 (Qui.) - Erro ao consultar dados na tabela especificada: #br.com.almoxarifado.dao.ProdutoDAO#You have an error in your SQL syntax; check the manual that corresponds to your MariaDB server version for the right syntax to use near '?' at line 1#
#15/11/2018 - 21:32:52 (Qui.) - Erro ao consultar dados na tabela especificada: #br.com.almoxarifado.dao.ProdutoDAO#You have an error in your SQL syntax; check the manual that corresponds to your MariaDB server version for the right syntax to use near '?' at line 1#
#15/11/2018 - 21:33:08 (Qui.) - Erro ao consultar dados na tabela especificada: #br.com.almoxarifado.dao.ProdutoDAO#You have an error in your SQL syntax; check the manual that corresponds to your MariaDB server version for the right syntax to use near '?' at line 1#
#15/11/2018 - 21:33:25 (Qui.) - Erro ao consultar dados na tabela especificada: #br.com.almoxarifado.dao.ProdutoDAO#You have an error in your SQL syntax; check the manual that corresponds to your MariaDB server version for the right syntax to use near '?' at line 1#
#15/11/2018 - 21:33:34 (Qui.) - Erro ao consultar dados na tabela especificada: #br.com.almoxarifado.dao.ProdutoDAO#You have an error in your SQL syntax; check the manual that corresponds to your MariaDB server version for the right syntax to use near '?' at line 1#
#15/11/2018 - 21:35:44 (Qui.) - Erro ao consultar dados na tabela especificada: #br.com.almoxarifado.dao.ProdutoDAO#You have an error in your SQL syntax; check the manual that corresponds to your MariaDB server version for the right syntax to use near '?' at line 1#
#15/11/2018 - 21:35:52 (Qui.) - Erro ao consultar dados na tabela especificada: #br.com.almoxarifado.dao.ProdutoDAO#You have an error in your SQL syntax; check the manual that corresponds to your MariaDB server version for the right syntax to use near '?' at line 1#
#15/11/2018 - 21:38:11 (Qui.) - Erro ao consultar dados na tabela especificada: #br.com.almoxarifado.dao.ProdutoDAO#You have an error in your SQL syntax; check the manual that corresponds to your MariaDB server version for the right syntax to use near '?' at line 1#
#15/11/2018 - 21:40:44 (Qui.) - Erro ao consultar dados na tabela especificada: #br.com.almoxarifado.dao.ProdutoDAO#You have an error in your SQL syntax; check the manual that corresponds to your MariaDB server version for the right syntax to use near '?' at line 1#
#15/11/2018 - 21:43:05 (Qui.) - Erro ao consultar dados na tabela especificada: #br.com.almoxarifado.dao.ProdutoDAO#You have an error in your SQL syntax; check the manual that corresponds to your MariaDB server version for the right syntax to use near '?' at line 1#
#15/11/2018 - 21:54:22 (Qui.) - Erro ao consultar dados na tabela especificada: #br.com.almoxarifado.dao.ProdutoDAO#You have an error in your SQL syntax; check the manual that corresponds to your MariaDB server version for the right syntax to use near '?' at line 1#
#15/11/2018 - 21:55:14 (Qui.) - Erro ao consultar dados na tabela especificada: #br.com.almoxarifado.dao.ProdutoDAO#You have an error in your SQL syntax; check the manual that corresponds to your MariaDB server version for the right syntax to use near '?' at line 1#
#15/11/2018 - 21:55:55 (Qui.) - Erro ao consultar dados na tabela especificada: #br.com.almoxarifado.dao.ProdutoDAO#You have an error in your SQL syntax; check the manual that corresponds to your MariaDB server version for the right syntax to use near '?' at line 1#
#15/11/2018 - 22:07:15 (Qui.) - Erro ao consultar dados na tabela especificada: #br.com.almoxarifado.dao.ProdutoDAO#You have an error in your SQL syntax; check the manual that corresponds to your MariaDB server version for the right syntax to use near '?' at line 1#
#15/11/2018 - 22:09:25 (Qui.) - Erro ao consultar dados na tabela especificada: #br.com.almoxarifado.dao.ProdutoDAO#You have an error in your SQL syntax; check the manual that corresponds to your MariaDB server version for the right syntax to use near '?' at line 1#
#15/11/2018 - 22:10:13 (Qui.) - Erro ao consultar dados na tabela especificada: #br.com.almoxarifado.dao.ProdutoDAO#You have an error in your SQL syntax; check the manual that corresponds to your MariaDB server version for the right syntax to use near '?' at line 1#
#16/11/2018 - 01:32:59 (Sex.) - Senha inválida#
#16/11/2018 - 19:57:02 (Sex.) - Senha inválida#
#16/11/2018 - 19:57:09 (Sex.) - Erro ao alterar dados na tabela especificada: #br.com.almoxarifado.dao.ProdutoDAO#Data truncation: Incorrect date value: 'Fri Nov 16 19:57:06 BRST 2018' for column 'dataSaida' at row 1#
